<?xml version="1.0" encoding="UTF-8"?>
<testng-results skipped="0" failed="0" ignored="0" total="4" passed="4">
  <reporter-output>
  </reporter-output>
  <suite name="AdhocFB" duration-ms="30090" started-at="2020-02-23T11:43:41 EST" finished-at="2020-02-23T11:44:11 EST">
    <groups>
    </groups>
    <test name="Regression_v01" duration-ms="16471" started-at="2020-02-23T11:43:41 EST" finished-at="2020-02-23T11:43:57 EST">
      <class name="FacebookPOM.FuntionalGroup.ExecuteFB">
        <test-method status="PASS" signature="beforeClass(java.lang.String, java.lang.String)[pri:0, instance:FacebookPOM.FuntionalGroup.ExecuteFB@7c29daf3]" name="beforeClass" is-config="true" duration-ms="9379" started-at="2020-02-23T11:43:41 EST" finished-at="2020-02-23T11:43:50 EST">
          <params>
            <param index="0">
              <value>
                <![CDATA[https://www.facebook.com/]]>
              </value>
            </param>
            <param index="1">
              <value>
                <![CDATA[chrome]]>
              </value>
            </param>
          </params>
          <reporter-output>
          </reporter-output>
        </test-method> <!-- beforeClass -->
        <test-method status="PASS" signature="Homepage_execution()[pri:1, instance:FacebookPOM.FuntionalGroup.ExecuteFB@7c29daf3]" name="Homepage_execution" duration-ms="1851" started-at="2020-02-23T11:43:50 EST" finished-at="2020-02-23T11:43:52 EST">
          <reporter-output>
          </reporter-output>
        </test-method> <!-- Homepage_execution -->
        <test-method status="PASS" signature="Secondpage_execution()[pri:2, instance:FacebookPOM.FuntionalGroup.ExecuteFB@7c29daf3]" name="Secondpage_execution" duration-ms="4388" started-at="2020-02-23T11:43:52 EST" finished-at="2020-02-23T11:43:57 EST">
          <reporter-output>
          </reporter-output>
        </test-method> <!-- Secondpage_execution -->
        <test-method status="PASS" signature="afterClass()[pri:0, instance:FacebookPOM.FuntionalGroup.ExecuteFB@7c29daf3]" name="afterClass" is-config="true" duration-ms="0" started-at="2020-02-23T11:43:57 EST" finished-at="2020-02-23T11:43:57 EST">
          <reporter-output>
          </reporter-output>
        </test-method> <!-- afterClass -->
      </class> <!-- FacebookPOM.FuntionalGroup.ExecuteFB -->
    </test> <!-- Regression_v01 -->
    <test name="Regression_v02" duration-ms="13585" started-at="2020-02-23T11:43:57 EST" finished-at="2020-02-23T11:44:11 EST">
      <class name="FacebookPOM.FuntionalGroup.ExecuteFB">
        <test-method status="PASS" signature="beforeClass(java.lang.String, java.lang.String)[pri:0, instance:FacebookPOM.FuntionalGroup.ExecuteFB@4d95d2a2]" name="beforeClass" is-config="true" duration-ms="7811" started-at="2020-02-23T11:43:57 EST" finished-at="2020-02-23T11:44:05 EST">
          <params>
            <param index="0">
              <value>
                <![CDATA[https://www.facebook.com/]]>
              </value>
            </param>
            <param index="1">
              <value>
                <![CDATA[firefox]]>
              </value>
            </param>
          </params>
          <reporter-output>
          </reporter-output>
        </test-method> <!-- beforeClass -->
        <test-method status="PASS" signature="Homepage_execution()[pri:1, instance:FacebookPOM.FuntionalGroup.ExecuteFB@4d95d2a2]" name="Homepage_execution" duration-ms="1932" started-at="2020-02-23T11:44:05 EST" finished-at="2020-02-23T11:44:07 EST">
          <reporter-output>
          </reporter-output>
        </test-method> <!-- Homepage_execution -->
        <test-method status="PASS" signature="Secondpage_execution()[pri:2, instance:FacebookPOM.FuntionalGroup.ExecuteFB@4d95d2a2]" name="Secondpage_execution" duration-ms="3640" started-at="2020-02-23T11:44:07 EST" finished-at="2020-02-23T11:44:11 EST">
          <reporter-output>
          </reporter-output>
        </test-method> <!-- Secondpage_execution -->
        <test-method status="PASS" signature="afterClass()[pri:0, instance:FacebookPOM.FuntionalGroup.ExecuteFB@4d95d2a2]" name="afterClass" is-config="true" duration-ms="1" started-at="2020-02-23T11:44:11 EST" finished-at="2020-02-23T11:44:11 EST">
          <reporter-output>
          </reporter-output>
        </test-method> <!-- afterClass -->
      </class> <!-- FacebookPOM.FuntionalGroup.ExecuteFB -->
    </test> <!-- Regression_v02 -->
  </suite> <!-- AdhocFB -->
</testng-results>
