<?xml version="1.0" encoding="UTF-8"?>
<!-- Generated by org.testng.reporters.JUnitXMLReporter -->
<testsuite hostname="DESKTOP-1V2GUTV" ignored="0" name="Regression_v01" tests="2" failures="0" timestamp="2020-02-23T11:43:57 EST" time="16.471" errors="0">
  <testcase name="Homepage_execution" time="1.851" classname="FacebookPOM.FuntionalGroup.ExecuteFB"/>
  <testcase name="Secondpage_execution" time="4.388" classname="FacebookPOM.FuntionalGroup.ExecuteFB"/>
</testsuite> <!-- Regression_v01 -->
