<?xml version="1.0" encoding="UTF-8"?>
<!-- Generated by org.testng.reporters.JUnitXMLReporter -->
<testsuite hostname="DESKTOP-1V2GUTV" ignored="0" name="Regression_v02" tests="2" failures="0" timestamp="2020-02-23T11:44:11 EST" time="13.585" errors="0">
  <testcase name="Homepage_execution" time="1.932" classname="FacebookPOM.FuntionalGroup.ExecuteFB"/>
  <testcase name="Secondpage_execution" time="3.64" classname="FacebookPOM.FuntionalGroup.ExecuteFB"/>
</testsuite> <!-- Regression_v02 -->
